c:\Users\Shravani Shinde\Desktop\fpc-advanced-classroom-1st-year-assignment-shravani401\set01\problem08.c: In function 'main':
c:\Users\Shravani Shinde\Desktop\fpc-advanced-classroom-1st-year-assignment-shravani401\set01\problem08.c:12:1: warning: implicit declaration of function 'result' [-Wimplicit-function-declaration]
 result(n,a,sum);
 ^~~~~~
C:\Users\SHRAVA~1\AppData\Local\Temp\ccrjbVld.o: In function `main':
c:/Users/Shravani Shinde/Desktop/fpc-advanced-classroom-1st-year-assignment-shravani401/set01/problem08.c:12: undefined reference to `result'
collect2.exe: error: ld returned 1 exit status
Compilation started at 10/30/2023, 3:55:34 AM
c:\Users\Shravani Shinde\Desktop\fpc-advanced-classroom-1st-year-assignment-shravani401\set01\problem08.c: In function 'main':
c:\Users\Shravani Shinde\Desktop\fpc-advanced-classroom-1st-year-assignment-shravani401\set01\problem08.c:12:1: warning: implicit declaration of function 'result' [-Wimplicit-function-declaration]
 result(n,a,sum);
 ^~~~~~
C:\Users\SHRAVA~1\AppData\Local\Temp\ccUUDPHX.o: In function `main':
c:/Users/Shravani Shinde/Desktop/fpc-advanced-classroom-1st-year-assignment-shravani401/set01/problem08.c:12: undefined reference to `result'
collect2.exe: error: ld returned 1 exit status
Compilation finished at 10/30/2023, 3:55:37 AM
Compilation started at 10/30/2023, 3:59:37 AM
c:\Users\Shravani Shinde\Desktop\fpc-advanced-classroom-1st-year-assignment-shravani401\set01\problem08.c: In function 'main':
c:\Users\Shravani Shinde\Desktop\fpc-advanced-classroom-1st-year-assignment-shravani401\set01\problem08.c:12:1: warning: implicit declaration of function 'result' [-Wimplicit-function-declaration]
 result(n,a,sum);
 ^~~~~~
C:\Users\SHRAVA~1\AppData\Local\Temp\cc5FuHzY.o: In function `main':
c:/Users/Shravani Shinde/Desktop/fpc-advanced-classroom-1st-year-assignment-shravani401/set01/problem08.c:12: undefined reference to `result'
collect2.exe: error: ld returned 1 exit status
Compilation finished at 10/30/2023, 3:59:39 AM
Compilation started at 10/30/2023, 4:24:30 AM
Compilation finished at 10/30/2023, 4:24:31 AM
Compilation started at 10/30/2023, 4:34:32 AM
Compilation finished at 10/30/2023, 4:34:33 AM
Compilation started at 10/30/2023, 4:35:28 AM
Compilation finished at 10/30/2023, 4:35:28 AM
Compilation started at 10/30/2023, 4:37:04 AM
c:\Users\Shravani Shinde\Desktop\fpc-advanced-classroom-1st-year-assignment-shravani401\set01\problem08.c: In function 'main':
c:\Users\Shravani Shinde\Desktop\fpc-advanced-classroom-1st-year-assignment-shravani401\set01\problem08.c:3:9: warning: implicit declaration of function 'input_array_size' [-Wimplicit-function-declaration]
 int n = input_array_size();
         ^~~~~~~~~~~~~~~~
c:\Users\Shravani Shinde\Desktop\fpc-advanced-classroom-1st-year-assignment-shravani401\set01\problem08.c:5:1: warning: implicit declaration of function 'input_array' [-Wimplicit-function-declaration]
 input_array(n,a);
 ^~~~~~~~~~~
c:\Users\Shravani Shinde\Desktop\fpc-advanced-classroom-1st-year-assignment-shravani401\set01\problem08.c:6:11: warning: implicit declaration of function 'sum_n_array' [-Wimplicit-function-declaration]
 int sum = sum_n_array(n,a);
           ^~~~~~~~~~~
c:\Users\Shravani Shinde\Desktop\fpc-advanced-classroom-1st-year-assignment-shravani401\set01\problem08.c:7:1: warning: implicit declaration of function 'output' [-Wimplicit-function-declaration]
 output(sum);
 ^~~~~~
c:\Users\Shravani Shinde\Desktop\fpc-advanced-classroom-1st-year-assignment-shravani401\set01\problem08.c: At top level:
c:\Users\Shravani Shinde\Desktop\fpc-advanced-classroom-1st-year-assignment-shravani401\set01\problem08.c:17:6: warning: conflicting types for 'input_array'
 void input_array(int n,int a[n]){
      ^~~~~~~~~~~
c:\Users\Shravani Shinde\Desktop\fpc-advanced-classroom-1st-year-assignment-shravani401\set01\problem08.c:5:1: note: previous implicit declaration of 'input_array' was here
 input_array(n,a);
 ^~~~~~~~~~~
c:\Users\Shravani Shinde\Desktop\fpc-advanced-classroom-1st-year-assignment-shravani401\set01\problem08.c:32:6: warning: conflicting types for 'output'
 void output(int sum) {
      ^~~~~~
c:\Users\Shravani Shinde\Desktop\fpc-advanced-classroom-1st-year-assignment-shravani401\set01\problem08.c:7:1: note: previous implicit declaration of 'output' was here
 output(sum);
 ^~~~~~
c:/mingw/bin/../lib/gcc/mingw32/6.3.0/../../../../mingw32/bin/ld.exe: cannot open output file c:\Users\Shravani Shinde\Desktop\fpc-advanced-classroom-1st-year-assignment-shravani401\set01\problem08.exe: Permission denied
collect2.exe: error: ld returned 1 exit status
Compilation finished at 10/30/2023, 4:37:05 AM
Compilation started at 10/30/2023, 4:50:49 AM
c:\Users\Shravani Shinde\Desktop\fpc-advanced-classroom-1st-year-assignment-shravani401\set01\problem08.c: In function 'main':
c:\Users\Shravani Shinde\Desktop\fpc-advanced-classroom-1st-year-assignment-shravani401\set01\problem08.c:3:9: warning: implicit declaration of function 'input_array_size' [-Wimplicit-function-declaration]
 int n = input_array_size();
         ^~~~~~~~~~~~~~~~
c:\Users\Shravani Shinde\Desktop\fpc-advanced-classroom-1st-year-assignment-shravani401\set01\problem08.c:5:1: warning: implicit declaration of function 'input_array' [-Wimplicit-function-declaration]
 input_array(n,a);
 ^~~~~~~~~~~
c:\Users\Shravani Shinde\Desktop\fpc-advanced-classroom-1st-year-assignment-shravani401\set01\problem08.c:6:11: warning: implicit declaration of function 'sum_n_array' [-Wimplicit-function-declaration]
 int sum = sum_n_array(n,a);
           ^~~~~~~~~~~
c:\Users\Shravani Shinde\Desktop\fpc-advanced-classroom-1st-year-assignment-shravani401\set01\problem08.c:7:1: warning: implicit declaration of function 'output' [-Wimplicit-function-declaration]
 output(sum);
 ^~~~~~
c:\Users\Shravani Shinde\Desktop\fpc-advanced-classroom-1st-year-assignment-shravani401\set01\problem08.c: At top level:
c:\Users\Shravani Shinde\Desktop\fpc-advanced-classroom-1st-year-assignment-shravani401\set01\problem08.c:17:6: warning: conflicting types for 'input_array'
 void input_array(int n,int a[n]){
      ^~~~~~~~~~~
c:\Users\Shravani Shinde\Desktop\fpc-advanced-classroom-1st-year-assignment-shravani401\set01\problem08.c:5:1: note: previous implicit declaration of 'input_array' was here
 input_array(n,a);
 ^~~~~~~~~~~
c:\Users\Shravani Shinde\Desktop\fpc-advanced-classroom-1st-year-assignment-shravani401\set01\problem08.c:32:6: warning: conflicting types for 'output'
 void output(int sum) {
      ^~~~~~
c:\Users\Shravani Shinde\Desktop\fpc-advanced-classroom-1st-year-assignment-shravani401\set01\problem08.c:7:1: note: previous implicit declaration of 'output' was here
 output(sum);
 ^~~~~~
c:/mingw/bin/../lib/gcc/mingw32/6.3.0/../../../../mingw32/bin/ld.exe: cannot open output file c:\Users\Shravani Shinde\Desktop\fpc-advanced-classroom-1st-year-assignment-shravani401\set01\problem08.exe: Permission denied
collect2.exe: error: ld returned 1 exit status
Compilation finished at 10/30/2023, 4:50:50 AM
Compilation started at 10/30/2023, 4:52:54 AM
c:\Users\Shravani Shinde\Desktop\fpc-advanced-classroom-1st-year-assignment-shravani401\set01\problem08.c: In function 'main':
c:\Users\Shravani Shinde\Desktop\fpc-advanced-classroom-1st-year-assignment-shravani401\set01\problem08.c:3:9: warning: implicit declaration of function 'input_array_size' [-Wimplicit-function-declaration]
 int n = input_array_size();
         ^~~~~~~~~~~~~~~~
c:\Users\Shravani Shinde\Desktop\fpc-advanced-classroom-1st-year-assignment-shravani401\set01\problem08.c:5:1: warning: implicit declaration of function 'input_array' [-Wimplicit-function-declaration]
 input_array(n,a);
 ^~~~~~~~~~~
c:\Users\Shravani Shinde\Desktop\fpc-advanced-classroom-1st-year-assignment-shravani401\set01\problem08.c:6:11: warning: implicit declaration of function 'sum_n_array' [-Wimplicit-function-declaration]
 int sum = sum_n_array(n,a);
           ^~~~~~~~~~~
c:\Users\Shravani Shinde\Desktop\fpc-advanced-classroom-1st-year-assignment-shravani401\set01\problem08.c:7:1: warning: implicit declaration of function 'output' [-Wimplicit-function-declaration]
 output(sum);
 ^~~~~~
c:\Users\Shravani Shinde\Desktop\fpc-advanced-classroom-1st-year-assignment-shravani401\set01\problem08.c: At top level:
c:\Users\Shravani Shinde\Desktop\fpc-advanced-classroom-1st-year-assignment-shravani401\set01\problem08.c:17:6: warning: conflicting types for 'input_array'
 void input_array(int n,int a[n]){
      ^~~~~~~~~~~
c:\Users\Shravani Shinde\Desktop\fpc-advanced-classroom-1st-year-assignment-shravani401\set01\problem08.c:5:1: note: previous implicit declaration of 'input_array' was here
 input_array(n,a);
 ^~~~~~~~~~~
c:\Users\Shravani Shinde\Desktop\fpc-advanced-classroom-1st-year-assignment-shravani401\set01\problem08.c:32:6: warning: conflicting types for 'output'
 void output(int sum) {
      ^~~~~~
c:\Users\Shravani Shinde\Desktop\fpc-advanced-classroom-1st-year-assignment-shravani401\set01\problem08.c:7:1: note: previous implicit declaration of 'output' was here
 output(sum);
 ^~~~~~
c:/mingw/bin/../lib/gcc/mingw32/6.3.0/../../../../mingw32/bin/ld.exe: cannot open output file c:\Users\Shravani Shinde\Desktop\fpc-advanced-classroom-1st-year-assignment-shravani401\set01\problem08.exe: Permission denied
collect2.exe: error: ld returned 1 exit status
Compilation finished at 10/30/2023, 4:52:55 AM
